2025-05-14 00:04:07.730 [main] ERROR o.s.boot.SpringApplication - Application run failed
java.lang.IllegalStateException: java.lang.IllegalStateException: Logback configuration error detected: 
ERROR in ch.qos.logback.core.model.processor.PropertyModelHandler - In <property> element, either the "file" attribute alone, or the "resource" element alone, or both the "name" and "value" attributes must be set.
	at org.springframework.boot.context.logging.LoggingApplicationListener.initializeSystem(LoggingApplicationListener.java:347)
	at org.springframework.boot.context.logging.LoggingApplicationListener.initialize(LoggingApplicationListener.java:298)
	at org.springframework.boot.context.logging.LoggingApplicationListener.onApplicationEnvironmentPreparedEvent(LoggingApplicationListener.java:246)
	at org.springframework.boot.context.logging.LoggingApplicationListener.onApplicationEvent(LoggingApplicationListener.java:223)
	at org.springframework.context.event.SimpleApplicationEventMulticaster.doInvokeListener(SimpleApplicationEventMulticaster.java:185)
	at org.springframework.context.event.SimpleApplicationEventMulticaster.invokeListener(SimpleApplicationEventMulticaster.java:178)
	at org.springframework.context.event.SimpleApplicationEventMulticaster.multicastEvent(SimpleApplicationEventMulticaster.java:156)
	at org.springframework.context.event.SimpleApplicationEventMulticaster.multicastEvent(SimpleApplicationEventMulticaster.java:138)
	at org.springframework.boot.context.event.EventPublishingRunListener.multicastInitialEvent(EventPublishingRunListener.java:136)
	at org.springframework.boot.context.event.EventPublishingRunListener.environmentPrepared(EventPublishingRunListener.java:81)
	at org.springframework.boot.SpringApplicationRunListeners.lambda$environmentPrepared$2(SpringApplicationRunListeners.java:64)
	at java.base/java.lang.Iterable.forEach(Iterable.java:75)
	at org.springframework.boot.SpringApplicationRunListeners.doWithListeners(SpringApplicationRunListeners.java:118)
	at org.springframework.boot.SpringApplicationRunListeners.doWithListeners(SpringApplicationRunListeners.java:112)
	at org.springframework.boot.SpringApplicationRunListeners.environmentPrepared(SpringApplicationRunListeners.java:63)
	at org.springframework.boot.SpringApplication.prepareEnvironment(SpringApplication.java:353)
	at org.springframework.boot.SpringApplication.run(SpringApplication.java:313)
	at org.springframework.boot.SpringApplication.run(SpringApplication.java:1362)
	at org.springframework.boot.SpringApplication.run(SpringApplication.java:1351)
	at com.cpf.logging.LoggingApplication.main(LoggingApplication.java:15)
Caused by: java.lang.IllegalStateException: Logback configuration error detected: 
ERROR in ch.qos.logback.core.model.processor.PropertyModelHandler - In <property> element, either the "file" attribute alone, or the "resource" element alone, or both the "name" and "value" attributes must be set.
	at org.springframework.boot.logging.logback.LogbackLoggingSystem.reportConfigurationErrorsIfNecessary(LogbackLoggingSystem.java:291)
	at org.springframework.boot.logging.logback.LogbackLoggingSystem.loadConfiguration(LogbackLoggingSystem.java:269)
	at org.springframework.boot.logging.AbstractLoggingSystem.initializeWithConventions(AbstractLoggingSystem.java:81)
	at org.springframework.boot.logging.AbstractLoggingSystem.initialize(AbstractLoggingSystem.java:61)
	at org.springframework.boot.logging.logback.LogbackLoggingSystem.initialize(LogbackLoggingSystem.java:197)
	at org.springframework.boot.context.logging.LoggingApplicationListener.initializeSystem(LoggingApplicationListener.java:332)
	... 19 common frames omitted
LOG_PATTERN_IS_UNDEFINEDjava.lang.IllegalStateException: java.lang.IllegalStateException: Logback configuration error detected: 
ERROR in ch.qos.logback.core.model.processor.PropertyModelHandler - In <property> element, either the "file" attribute alone, or the "resource" element alone, or both the "name" and "value" attributes must be set.
	at org.springframework.boot.context.logging.LoggingApplicationListener.initializeSystem(LoggingApplicationListener.java:347)
	at org.springframework.boot.context.logging.LoggingApplicationListener.initialize(LoggingApplicationListener.java:298)
	at org.springframework.boot.context.logging.LoggingApplicationListener.onApplicationEnvironmentPreparedEvent(LoggingApplicationListener.java:246)
	at org.springframework.boot.context.logging.LoggingApplicationListener.onApplicationEvent(LoggingApplicationListener.java:223)
	at org.springframework.context.event.SimpleApplicationEventMulticaster.doInvokeListener(SimpleApplicationEventMulticaster.java:185)
	at org.springframework.context.event.SimpleApplicationEventMulticaster.invokeListener(SimpleApplicationEventMulticaster.java:178)
	at org.springframework.context.event.SimpleApplicationEventMulticaster.multicastEvent(SimpleApplicationEventMulticaster.java:156)
	at org.springframework.context.event.SimpleApplicationEventMulticaster.multicastEvent(SimpleApplicationEventMulticaster.java:138)
	at org.springframework.boot.context.event.EventPublishingRunListener.multicastInitialEvent(EventPublishingRunListener.java:136)
	at org.springframework.boot.context.event.EventPublishingRunListener.environmentPrepared(EventPublishingRunListener.java:81)
	at org.springframework.boot.SpringApplicationRunListeners.lambda$environmentPrepared$2(SpringApplicationRunListeners.java:64)
	at java.base/java.lang.Iterable.forEach(Iterable.java:75)
	at org.springframework.boot.SpringApplicationRunListeners.doWithListeners(SpringApplicationRunListeners.java:118)
	at org.springframework.boot.SpringApplicationRunListeners.doWithListeners(SpringApplicationRunListeners.java:112)
	at org.springframework.boot.SpringApplicationRunListeners.environmentPrepared(SpringApplicationRunListeners.java:63)
	at org.springframework.boot.SpringApplication.prepareEnvironment(SpringApplication.java:353)
	at org.springframework.boot.SpringApplication.run(SpringApplication.java:313)
	at org.springframework.boot.SpringApplication.run(SpringApplication.java:1362)
	at org.springframework.boot.SpringApplication.run(SpringApplication.java:1351)
	at com.cpf.logging.LoggingApplication.main(LoggingApplication.java:15)
Caused by: java.lang.IllegalStateException: Logback configuration error detected: 
ERROR in ch.qos.logback.core.model.processor.PropertyModelHandler - In <property> element, either the "file" attribute alone, or the "resource" element alone, or both the "name" and "value" attributes must be set.
	at org.springframework.boot.logging.logback.LogbackLoggingSystem.reportConfigurationErrorsIfNecessary(LogbackLoggingSystem.java:291)
	at org.springframework.boot.logging.logback.LogbackLoggingSystem.loadConfiguration(LogbackLoggingSystem.java:269)
	at org.springframework.boot.logging.AbstractLoggingSystem.initializeWithConventions(AbstractLoggingSystem.java:81)
	at org.springframework.boot.logging.AbstractLoggingSystem.initialize(AbstractLoggingSystem.java:61)
	at org.springframework.boot.logging.logback.LogbackLoggingSystem.initialize(LogbackLoggingSystem.java:197)
	at org.springframework.boot.context.logging.LoggingApplicationListener.initializeSystem(LoggingApplicationListener.java:332)
	... 19 common frames omitted
-%PARSER_ERROR[clr] %PARSER_ERROR[clr] %PARSER_ERROR[clr] %PARSER_ERROR[clr]%PARSER_ERROR[clr] %PARSER_ERROR[clr] Application run failed
-%PARSER_ERROR[wEx]java.lang.IllegalStateException: java.lang.IllegalStateException: Logback configuration error detected: 
ERROR in ch.qos.logback.core.pattern.parser.Compiler@5f2f577 - There is no conversion class registered for composite conversion word [clr]
ERROR in ch.qos.logback.core.pattern.parser.Compiler@5f2f577 - Failed to create converter for [%clr] keyword
ERROR in ch.qos.logback.core.pattern.parser.Compiler@5f2f577 - There is no conversion class registered for composite conversion word [clr]
ERROR in ch.qos.logback.core.pattern.parser.Compiler@5f2f577 - Failed to create converter for [%clr] keyword
ERROR in ch.qos.logback.core.pattern.parser.Compiler@5f2f577 - There is no conversion class registered for composite conversion word [clr]
ERROR in ch.qos.logback.core.pattern.parser.Compiler@5f2f577 - Failed to create converter for [%clr] keyword
ERROR in ch.qos.logback.core.pattern.parser.Compiler@5f2f577 - There is no conversion class registered for composite conversion word [clr]
ERROR in ch.qos.logback.core.pattern.parser.Compiler@5f2f577 - Failed to create converter for [%clr] keyword
ERROR in ch.qos.logback.core.pattern.parser.Compiler@5f2f577 - There is no conversion class registered for composite conversion word [clr]
ERROR in ch.qos.logback.core.pattern.parser.Compiler@5f2f577 - Failed to create converter for [%clr] keyword
ERROR in ch.qos.logback.core.pattern.parser.Compiler@5f2f577 - There is no conversion class registered for composite conversion word [clr]
ERROR in ch.qos.logback.core.pattern.parser.Compiler@5f2f577 - Failed to create converter for [%clr] keyword
ERROR in ch.qos.logback.core.pattern.parser.Compiler@5f2f577 - There is no conversion supplier registered for conversion word [wEx]
ERROR in ch.qos.logback.core.pattern.parser.Compiler@5f2f577 - [wEx] is not a valid conversion word
ERROR in ch.qos.logback.core.pattern.parser.Compiler@6273c5a4 - There is no conversion class registered for composite conversion word [clr]
ERROR in ch.qos.logback.core.pattern.parser.Compiler@6273c5a4 - Failed to create converter for [%clr] keyword
ERROR in ch.qos.logback.core.pattern.parser.Compiler@6273c5a4 - There is no conversion class registered for composite conversion word [clr]
ERROR in ch.qos.logback.core.pattern.parser.Compiler@6273c5a4 - Failed to create converter for [%clr] keyword
ERROR in ch.qos.logback.core.pattern.parser.Compiler@6273c5a4 - There is no conversion class registered for composite conversion word [clr]
ERROR in ch.qos.logback.core.pattern.parser.Compiler@6273c5a4 - Failed to create converter for [%clr] keyword
ERROR in ch.qos.logback.core.pattern.parser.Compiler@6273c5a4 - There is no conversion class registered for composite conversion word [clr]
ERROR in ch.qos.logback.core.pattern.parser.Compiler@6273c5a4 - Failed to create converter for [%clr] keyword
ERROR in ch.qos.logback.core.pattern.parser.Compiler@6273c5a4 - There is no conversion class registered for composite conversion word [clr]
ERROR in ch.qos.logback.core.pattern.parser.Compiler@6273c5a4 - Failed to create converter for [%clr] keyword
ERROR in ch.qos.logback.core.pattern.parser.Compiler@6273c5a4 - There is no conversion class registered for composite conversion word [clr]
ERROR in ch.qos.logback.core.pattern.parser.Compiler@6273c5a4 - Failed to create converter for [%clr] keyword
ERROR in ch.qos.logback.core.pattern.parser.Compiler@6273c5a4 - There is no conversion supplier registered for conversion word [wEx]
ERROR in ch.qos.logback.core.pattern.parser.Compiler@6273c5a4 - [wEx] is not a valid conversion word
ERROR in ch.qos.logback.core.pattern.parser.Compiler@5d465e4b - There is no conversion class registered for composite conversion word [clr]
ERROR in ch.qos.logback.core.pattern.parser.Compiler@5d465e4b - Failed to create converter for [%clr] keyword
ERROR in ch.qos.logback.core.pattern.parser.Compiler@5d465e4b - There is no conversion class registered for composite conversion word [clr]
ERROR in ch.qos.logback.core.pattern.parser.Compiler@5d465e4b - Failed to create converter for [%clr] keyword
ERROR in ch.qos.logback.core.pattern.parser.Compiler@5d465e4b - There is no conversion class registered for composite conversion word [clr]
ERROR in ch.qos.logback.core.pattern.parser.Compiler@5d465e4b - Failed to create converter for [%clr] keyword
ERROR in ch.qos.logback.core.pattern.parser.Compiler@5d465e4b - There is no conversion class registered for composite conversion word [clr]
ERROR in ch.qos.logback.core.pattern.parser.Compiler@5d465e4b - Failed to create converter for [%clr] keyword
ERROR in ch.qos.logback.core.pattern.parser.Compiler@5d465e4b - There is no conversion class registered for composite conversion word [clr]
ERROR in ch.qos.logback.core.pattern.parser.Compiler@5d465e4b - Failed to create converter for [%clr] keyword
ERROR in ch.qos.logback.core.pattern.parser.Compiler@5d465e4b - There is no conversion class registered for composite conversion word [clr]
ERROR in ch.qos.logback.core.pattern.parser.Compiler@5d465e4b - Failed to create converter for [%clr] keyword
ERROR in ch.qos.logback.core.pattern.parser.Compiler@5d465e4b - There is no conversion supplier registered for conversion word [wEx]
ERROR in ch.qos.logback.core.pattern.parser.Compiler@5d465e4b - [wEx] is not a valid conversion word
	at org.springframework.boot.context.logging.LoggingApplicationListener.initializeSystem(LoggingApplicationListener.java:347)
	at org.springframework.boot.context.logging.LoggingApplicationListener.initialize(LoggingApplicationListener.java:298)
	at org.springframework.boot.context.logging.LoggingApplicationListener.onApplicationEnvironmentPreparedEvent(LoggingApplicationListener.java:246)
	at org.springframework.boot.context.logging.LoggingApplicationListener.onApplicationEvent(LoggingApplicationListener.java:223)
	at org.springframework.context.event.SimpleApplicationEventMulticaster.doInvokeListener(SimpleApplicationEventMulticaster.java:185)
	at org.springframework.context.event.SimpleApplicationEventMulticaster.invokeListener(SimpleApplicationEventMulticaster.java:178)
	at org.springframework.context.event.SimpleApplicationEventMulticaster.multicastEvent(SimpleApplicationEventMulticaster.java:156)
	at org.springframework.context.event.SimpleApplicationEventMulticaster.multicastEvent(SimpleApplicationEventMulticaster.java:138)
	at org.springframework.boot.context.event.EventPublishingRunListener.multicastInitialEvent(EventPublishingRunListener.java:136)
	at org.springframework.boot.context.event.EventPublishingRunListener.environmentPrepared(EventPublishingRunListener.java:81)
	at org.springframework.boot.SpringApplicationRunListeners.lambda$environmentPrepared$2(SpringApplicationRunListeners.java:64)
	at java.base/java.lang.Iterable.forEach(Iterable.java:75)
	at org.springframework.boot.SpringApplicationRunListeners.doWithListeners(SpringApplicationRunListeners.java:118)
	at org.springframework.boot.SpringApplicationRunListeners.doWithListeners(SpringApplicationRunListeners.java:112)
	at org.springframework.boot.SpringApplicationRunListeners.environmentPrepared(SpringApplicationRunListeners.java:63)
	at org.springframework.boot.SpringApplication.prepareEnvironment(SpringApplication.java:353)
	at org.springframework.boot.SpringApplication.run(SpringApplication.java:313)
	at org.springframework.boot.SpringApplication.run(SpringApplication.java:1362)
	at org.springframework.boot.SpringApplication.run(SpringApplication.java:1351)
	at com.cpf.logging.LoggingApplication.main(LoggingApplication.java:15)
Caused by: java.lang.IllegalStateException: Logback configuration error detected: 
ERROR in ch.qos.logback.core.pattern.parser.Compiler@5f2f577 - There is no conversion class registered for composite conversion word [clr]
ERROR in ch.qos.logback.core.pattern.parser.Compiler@5f2f577 - Failed to create converter for [%clr] keyword
ERROR in ch.qos.logback.core.pattern.parser.Compiler@5f2f577 - There is no conversion class registered for composite conversion word [clr]
ERROR in ch.qos.logback.core.pattern.parser.Compiler@5f2f577 - Failed to create converter for [%clr] keyword
ERROR in ch.qos.logback.core.pattern.parser.Compiler@5f2f577 - There is no conversion class registered for composite conversion word [clr]
ERROR in ch.qos.logback.core.pattern.parser.Compiler@5f2f577 - Failed to create converter for [%clr] keyword
ERROR in ch.qos.logback.core.pattern.parser.Compiler@5f2f577 - There is no conversion class registered for composite conversion word [clr]
ERROR in ch.qos.logback.core.pattern.parser.Compiler@5f2f577 - Failed to create converter for [%clr] keyword
ERROR in ch.qos.logback.core.pattern.parser.Compiler@5f2f577 - There is no conversion class registered for composite conversion word [clr]
ERROR in ch.qos.logback.core.pattern.parser.Compiler@5f2f577 - Failed to create converter for [%clr] keyword
ERROR in ch.qos.logback.core.pattern.parser.Compiler@5f2f577 - There is no conversion class registered for composite conversion word [clr]
ERROR in ch.qos.logback.core.pattern.parser.Compiler@5f2f577 - Failed to create converter for [%clr] keyword
ERROR in ch.qos.logback.core.pattern.parser.Compiler@5f2f577 - There is no conversion supplier registered for conversion word [wEx]
ERROR in ch.qos.logback.core.pattern.parser.Compiler@5f2f577 - [wEx] is not a valid conversion word
ERROR in ch.qos.logback.core.pattern.parser.Compiler@6273c5a4 - There is no conversion class registered for composite conversion word [clr]
ERROR in ch.qos.logback.core.pattern.parser.Compiler@6273c5a4 - Failed to create converter for [%clr] keyword
ERROR in ch.qos.logback.core.pattern.parser.Compiler@6273c5a4 - There is no conversion class registered for composite conversion word [clr]
ERROR in ch.qos.logback.core.pattern.parser.Compiler@6273c5a4 - Failed to create converter for [%clr] keyword
ERROR in ch.qos.logback.core.pattern.parser.Compiler@6273c5a4 - There is no conversion class registered for composite conversion word [clr]
ERROR in ch.qos.logback.core.pattern.parser.Compiler@6273c5a4 - Failed to create converter for [%clr] keyword
ERROR in ch.qos.logback.core.pattern.parser.Compiler@6273c5a4 - There is no conversion class registered for composite conversion word [clr]
ERROR in ch.qos.logback.core.pattern.parser.Compiler@6273c5a4 - Failed to create converter for [%clr] keyword
ERROR in ch.qos.logback.core.pattern.parser.Compiler@6273c5a4 - There is no conversion class registered for composite conversion word [clr]
ERROR in ch.qos.logback.core.pattern.parser.Compiler@6273c5a4 - Failed to create converter for [%clr] keyword
ERROR in ch.qos.logback.core.pattern.parser.Compiler@6273c5a4 - There is no conversion class registered for composite conversion word [clr]
ERROR in ch.qos.logback.core.pattern.parser.Compiler@6273c5a4 - Failed to create converter for [%clr] keyword
ERROR in ch.qos.logback.core.pattern.parser.Compiler@6273c5a4 - There is no conversion supplier registered for conversion word [wEx]
ERROR in ch.qos.logback.core.pattern.parser.Compiler@6273c5a4 - [wEx] is not a valid conversion word
ERROR in ch.qos.logback.core.pattern.parser.Compiler@5d465e4b - There is no conversion class registered for composite conversion word [clr]
ERROR in ch.qos.logback.core.pattern.parser.Compiler@5d465e4b - Failed to create converter for [%clr] keyword
ERROR in ch.qos.logback.core.pattern.parser.Compiler@5d465e4b - There is no conversion class registered for composite conversion word [clr]
ERROR in ch.qos.logback.core.pattern.parser.Compiler@5d465e4b - Failed to create converter for [%clr] keyword
ERROR in ch.qos.logback.core.pattern.parser.Compiler@5d465e4b - There is no conversion class registered for composite conversion word [clr]
ERROR in ch.qos.logback.core.pattern.parser.Compiler@5d465e4b - Failed to create converter for [%clr] keyword
ERROR in ch.qos.logback.core.pattern.parser.Compiler@5d465e4b - There is no conversion class registered for composite conversion word [clr]
ERROR in ch.qos.logback.core.pattern.parser.Compiler@5d465e4b - Failed to create converter for [%clr] keyword
ERROR in ch.qos.logback.core.pattern.parser.Compiler@5d465e4b - There is no conversion class registered for composite conversion word [clr]
ERROR in ch.qos.logback.core.pattern.parser.Compiler@5d465e4b - Failed to create converter for [%clr] keyword
ERROR in ch.qos.logback.core.pattern.parser.Compiler@5d465e4b - There is no conversion class registered for composite conversion word [clr]
ERROR in ch.qos.logback.core.pattern.parser.Compiler@5d465e4b - Failed to create converter for [%clr] keyword
ERROR in ch.qos.logback.core.pattern.parser.Compiler@5d465e4b - There is no conversion supplier registered for conversion word [wEx]
ERROR in ch.qos.logback.core.pattern.parser.Compiler@5d465e4b - [wEx] is not a valid conversion word
	at org.springframework.boot.logging.logback.LogbackLoggingSystem.reportConfigurationErrorsIfNecessary(LogbackLoggingSystem.java:291)
	at org.springframework.boot.logging.logback.LogbackLoggingSystem.loadConfiguration(LogbackLoggingSystem.java:269)
	at org.springframework.boot.logging.AbstractLoggingSystem.initializeWithConventions(AbstractLoggingSystem.java:81)
	at org.springframework.boot.logging.AbstractLoggingSystem.initialize(AbstractLoggingSystem.java:61)
	at org.springframework.boot.logging.logback.LogbackLoggingSystem.initialize(LogbackLoggingSystem.java:197)
	at org.springframework.boot.context.logging.LoggingApplicationListener.initializeSystem(LoggingApplicationListener.java:332)
	... 19 common frames omitted
LOG_PATTERN_IS_UNDEFINEDjava.lang.IllegalStateException: java.lang.IllegalStateException: Logback configuration error detected: 
ERROR in ch.qos.logback.core.pattern.parser.Compiler@117e0fe5 - There is no conversion class registered for composite conversion word [clr]
ERROR in ch.qos.logback.core.pattern.parser.Compiler@117e0fe5 - Failed to create converter for [%clr] keyword
ERROR in ch.qos.logback.core.pattern.parser.Compiler@117e0fe5 - There is no conversion class registered for composite conversion word [clr]
ERROR in ch.qos.logback.core.pattern.parser.Compiler@117e0fe5 - Failed to create converter for [%clr] keyword
ERROR in ch.qos.logback.core.pattern.parser.Compiler@117e0fe5 - There is no conversion class registered for composite conversion word [clr]
ERROR in ch.qos.logback.core.pattern.parser.Compiler@117e0fe5 - Failed to create converter for [%clr] keyword
ERROR in ch.qos.logback.core.pattern.parser.Compiler@117e0fe5 - There is no conversion class registered for composite conversion word [clr]
ERROR in ch.qos.logback.core.pattern.parser.Compiler@117e0fe5 - Failed to create converter for [%clr] keyword
ERROR in ch.qos.logback.core.pattern.parser.Compiler@117e0fe5 - There is no conversion class registered for composite conversion word [clr]
ERROR in ch.qos.logback.core.pattern.parser.Compiler@117e0fe5 - Failed to create converter for [%clr] keyword
ERROR in ch.qos.logback.core.pattern.parser.Compiler@117e0fe5 - There is no conversion class registered for composite conversion word [clr]
ERROR in ch.qos.logback.core.pattern.parser.Compiler@117e0fe5 - Failed to create converter for [%clr] keyword
ERROR in ch.qos.logback.core.pattern.parser.Compiler@117e0fe5 - There is no conversion supplier registered for conversion word [wEx]
ERROR in ch.qos.logback.core.pattern.parser.Compiler@117e0fe5 - [wEx] is not a valid conversion word
	at org.springframework.boot.context.logging.LoggingApplicationListener.initializeSystem(LoggingApplicationListener.java:347)
	at org.springframework.boot.context.logging.LoggingApplicationListener.initialize(LoggingApplicationListener.java:298)
	at org.springframework.boot.context.logging.LoggingApplicationListener.onApplicationEnvironmentPreparedEvent(LoggingApplicationListener.java:246)
	at org.springframework.boot.context.logging.LoggingApplicationListener.onApplicationEvent(LoggingApplicationListener.java:223)
	at org.springframework.context.event.SimpleApplicationEventMulticaster.doInvokeListener(SimpleApplicationEventMulticaster.java:185)
	at org.springframework.context.event.SimpleApplicationEventMulticaster.invokeListener(SimpleApplicationEventMulticaster.java:178)
	at org.springframework.context.event.SimpleApplicationEventMulticaster.multicastEvent(SimpleApplicationEventMulticaster.java:156)
	at org.springframework.context.event.SimpleApplicationEventMulticaster.multicastEvent(SimpleApplicationEventMulticaster.java:138)
	at org.springframework.boot.context.event.EventPublishingRunListener.multicastInitialEvent(EventPublishingRunListener.java:136)
	at org.springframework.boot.context.event.EventPublishingRunListener.environmentPrepared(EventPublishingRunListener.java:81)
	at org.springframework.boot.SpringApplicationRunListeners.lambda$environmentPrepared$2(SpringApplicationRunListeners.java:64)
	at java.base/java.lang.Iterable.forEach(Iterable.java:75)
	at org.springframework.boot.SpringApplicationRunListeners.doWithListeners(SpringApplicationRunListeners.java:118)
	at org.springframework.boot.SpringApplicationRunListeners.doWithListeners(SpringApplicationRunListeners.java:112)
	at org.springframework.boot.SpringApplicationRunListeners.environmentPrepared(SpringApplicationRunListeners.java:63)
	at org.springframework.boot.SpringApplication.prepareEnvironment(SpringApplication.java:353)
	at org.springframework.boot.SpringApplication.run(SpringApplication.java:313)
	at org.springframework.boot.SpringApplication.run(SpringApplication.java:1362)
	at org.springframework.boot.SpringApplication.run(SpringApplication.java:1351)
	at com.cpf.logging.LoggingApplication.main(LoggingApplication.java:15)
Caused by: java.lang.IllegalStateException: Logback configuration error detected: 
ERROR in ch.qos.logback.core.pattern.parser.Compiler@117e0fe5 - There is no conversion class registered for composite conversion word [clr]
ERROR in ch.qos.logback.core.pattern.parser.Compiler@117e0fe5 - Failed to create converter for [%clr] keyword
ERROR in ch.qos.logback.core.pattern.parser.Compiler@117e0fe5 - There is no conversion class registered for composite conversion word [clr]
ERROR in ch.qos.logback.core.pattern.parser.Compiler@117e0fe5 - Failed to create converter for [%clr] keyword
ERROR in ch.qos.logback.core.pattern.parser.Compiler@117e0fe5 - There is no conversion class registered for composite conversion word [clr]
ERROR in ch.qos.logback.core.pattern.parser.Compiler@117e0fe5 - Failed to create converter for [%clr] keyword
ERROR in ch.qos.logback.core.pattern.parser.Compiler@117e0fe5 - There is no conversion class registered for composite conversion word [clr]
ERROR in ch.qos.logback.core.pattern.parser.Compiler@117e0fe5 - Failed to create converter for [%clr] keyword
ERROR in ch.qos.logback.core.pattern.parser.Compiler@117e0fe5 - There is no conversion class registered for composite conversion word [clr]
ERROR in ch.qos.logback.core.pattern.parser.Compiler@117e0fe5 - Failed to create converter for [%clr] keyword
ERROR in ch.qos.logback.core.pattern.parser.Compiler@117e0fe5 - There is no conversion class registered for composite conversion word [clr]
ERROR in ch.qos.logback.core.pattern.parser.Compiler@117e0fe5 - Failed to create converter for [%clr] keyword
ERROR in ch.qos.logback.core.pattern.parser.Compiler@117e0fe5 - There is no conversion supplier registered for conversion word [wEx]
ERROR in ch.qos.logback.core.pattern.parser.Compiler@117e0fe5 - [wEx] is not a valid conversion word
	at org.springframework.boot.logging.logback.LogbackLoggingSystem.reportConfigurationErrorsIfNecessary(LogbackLoggingSystem.java:291)
	at org.springframework.boot.logging.logback.LogbackLoggingSystem.loadConfiguration(LogbackLoggingSystem.java:269)
	at org.springframework.boot.logging.AbstractLoggingSystem.initializeWithConventions(AbstractLoggingSystem.java:81)
	at org.springframework.boot.logging.AbstractLoggingSystem.initialize(AbstractLoggingSystem.java:61)
	at org.springframework.boot.logging.logback.LogbackLoggingSystem.initialize(LogbackLoggingSystem.java:197)
	at org.springframework.boot.context.logging.LoggingApplicationListener.initializeSystem(LoggingApplicationListener.java:332)
	... 19 common frames omitted
LOG_PATTERN_IS_UNDEFINEDjava.lang.IllegalStateException: java.lang.IllegalStateException: Logback configuration error detected: 
ERROR in ch.qos.logback.core.pattern.parser.Compiler@3d8bbcdc - There is no conversion class registered for composite conversion word [clr]
ERROR in ch.qos.logback.core.pattern.parser.Compiler@3d8bbcdc - Failed to create converter for [%clr] keyword
ERROR in ch.qos.logback.core.pattern.parser.Compiler@3d8bbcdc - There is no conversion class registered for composite conversion word [clr]
ERROR in ch.qos.logback.core.pattern.parser.Compiler@3d8bbcdc - Failed to create converter for [%clr] keyword
ERROR in ch.qos.logback.core.pattern.parser.Compiler@3d8bbcdc - There is no conversion class registered for composite conversion word [clr]
ERROR in ch.qos.logback.core.pattern.parser.Compiler@3d8bbcdc - Failed to create converter for [%clr] keyword
ERROR in ch.qos.logback.core.pattern.parser.Compiler@3d8bbcdc - There is no conversion class registered for composite conversion word [clr]
ERROR in ch.qos.logback.core.pattern.parser.Compiler@3d8bbcdc - Failed to create converter for [%clr] keyword
ERROR in ch.qos.logback.core.pattern.parser.Compiler@3d8bbcdc - There is no conversion class registered for composite conversion word [clr]
ERROR in ch.qos.logback.core.pattern.parser.Compiler@3d8bbcdc - Failed to create converter for [%clr] keyword
ERROR in ch.qos.logback.core.pattern.parser.Compiler@3d8bbcdc - There is no conversion class registered for composite conversion word [clr]
ERROR in ch.qos.logback.core.pattern.parser.Compiler@3d8bbcdc - Failed to create converter for [%clr] keyword
ERROR in ch.qos.logback.core.pattern.parser.Compiler@3d8bbcdc - There is no conversion supplier registered for conversion word [wEx]
ERROR in ch.qos.logback.core.pattern.parser.Compiler@3d8bbcdc - [wEx] is not a valid conversion word
	at org.springframework.boot.context.logging.LoggingApplicationListener.initializeSystem(LoggingApplicationListener.java:347)
	at org.springframework.boot.context.logging.LoggingApplicationListener.initialize(LoggingApplicationListener.java:298)
	at org.springframework.boot.context.logging.LoggingApplicationListener.onApplicationEnvironmentPreparedEvent(LoggingApplicationListener.java:246)
	at org.springframework.boot.context.logging.LoggingApplicationListener.onApplicationEvent(LoggingApplicationListener.java:223)
	at org.springframework.context.event.SimpleApplicationEventMulticaster.doInvokeListener(SimpleApplicationEventMulticaster.java:185)
	at org.springframework.context.event.SimpleApplicationEventMulticaster.invokeListener(SimpleApplicationEventMulticaster.java:178)
	at org.springframework.context.event.SimpleApplicationEventMulticaster.multicastEvent(SimpleApplicationEventMulticaster.java:156)
	at org.springframework.context.event.SimpleApplicationEventMulticaster.multicastEvent(SimpleApplicationEventMulticaster.java:138)
	at org.springframework.boot.context.event.EventPublishingRunListener.multicastInitialEvent(EventPublishingRunListener.java:136)
	at org.springframework.boot.context.event.EventPublishingRunListener.environmentPrepared(EventPublishingRunListener.java:81)
	at org.springframework.boot.SpringApplicationRunListeners.lambda$environmentPrepared$2(SpringApplicationRunListeners.java:64)
	at java.base/java.lang.Iterable.forEach(Iterable.java:75)
	at org.springframework.boot.SpringApplicationRunListeners.doWithListeners(SpringApplicationRunListeners.java:118)
	at org.springframework.boot.SpringApplicationRunListeners.doWithListeners(SpringApplicationRunListeners.java:112)
	at org.springframework.boot.SpringApplicationRunListeners.environmentPrepared(SpringApplicationRunListeners.java:63)
	at org.springframework.boot.SpringApplication.prepareEnvironment(SpringApplication.java:353)
	at org.springframework.boot.SpringApplication.run(SpringApplication.java:313)
	at org.springframework.boot.SpringApplication.run(SpringApplication.java:1362)
	at org.springframework.boot.SpringApplication.run(SpringApplication.java:1351)
	at com.cpf.logging.LoggingApplication.main(LoggingApplication.java:15)
Caused by: java.lang.IllegalStateException: Logback configuration error detected: 
ERROR in ch.qos.logback.core.pattern.parser.Compiler@3d8bbcdc - There is no conversion class registered for composite conversion word [clr]
ERROR in ch.qos.logback.core.pattern.parser.Compiler@3d8bbcdc - Failed to create converter for [%clr] keyword
ERROR in ch.qos.logback.core.pattern.parser.Compiler@3d8bbcdc - There is no conversion class registered for composite conversion word [clr]
ERROR in ch.qos.logback.core.pattern.parser.Compiler@3d8bbcdc - Failed to create converter for [%clr] keyword
ERROR in ch.qos.logback.core.pattern.parser.Compiler@3d8bbcdc - There is no conversion class registered for composite conversion word [clr]
ERROR in ch.qos.logback.core.pattern.parser.Compiler@3d8bbcdc - Failed to create converter for [%clr] keyword
ERROR in ch.qos.logback.core.pattern.parser.Compiler@3d8bbcdc - There is no conversion class registered for composite conversion word [clr]
ERROR in ch.qos.logback.core.pattern.parser.Compiler@3d8bbcdc - Failed to create converter for [%clr] keyword
ERROR in ch.qos.logback.core.pattern.parser.Compiler@3d8bbcdc - There is no conversion class registered for composite conversion word [clr]
ERROR in ch.qos.logback.core.pattern.parser.Compiler@3d8bbcdc - Failed to create converter for [%clr] keyword
ERROR in ch.qos.logback.core.pattern.parser.Compiler@3d8bbcdc - There is no conversion class registered for composite conversion word [clr]
ERROR in ch.qos.logback.core.pattern.parser.Compiler@3d8bbcdc - Failed to create converter for [%clr] keyword
ERROR in ch.qos.logback.core.pattern.parser.Compiler@3d8bbcdc - There is no conversion supplier registered for conversion word [wEx]
ERROR in ch.qos.logback.core.pattern.parser.Compiler@3d8bbcdc - [wEx] is not a valid conversion word
	at org.springframework.boot.logging.logback.LogbackLoggingSystem.reportConfigurationErrorsIfNecessary(LogbackLoggingSystem.java:291)
	at org.springframework.boot.logging.logback.LogbackLoggingSystem.loadConfiguration(LogbackLoggingSystem.java:269)
	at org.springframework.boot.logging.AbstractLoggingSystem.initializeWithConventions(AbstractLoggingSystem.java:81)
	at org.springframework.boot.logging.AbstractLoggingSystem.initialize(AbstractLoggingSystem.java:61)
	at org.springframework.boot.logging.logback.LogbackLoggingSystem.initialize(LogbackLoggingSystem.java:197)
	at org.springframework.boot.context.logging.LoggingApplicationListener.initializeSystem(LoggingApplicationListener.java:332)
	... 19 common frames omitted
LOG_PATTERN_IS_UNDEFINEDLOG_PATTERN_IS_UNDEFINEDLOG_PATTERN_IS_UNDEFINEDLOG_PATTERN_IS_UNDEFINEDLOG_PATTERN_IS_UNDEFINEDLOG_PATTERN_IS_UNDEFINEDLOG_PATTERN_IS_UNDEFINEDLOG_PATTERN_IS_UNDEFINEDLOG_PATTERN_IS_UNDEFINEDLOG_PATTERN_IS_UNDEFINEDLOG_PATTERN_IS_UNDEFINEDLOG_PATTERN_IS_UNDEFINEDLOG_PATTERN_IS_UNDEFINEDLOG_PATTERN_IS_UNDEFINEDLOG_PATTERN_IS_UNDEFINEDLOG_PATTERN_IS_UNDEFINEDLOG_PATTERN_IS_UNDEFINEDLOG_PATTERN_IS_UNDEFINEDLOG_PATTERN_IS_UNDEFINEDLOG_PATTERN_IS_UNDEFINEDLOG_PATTERN_IS_UNDEFINEDLOG_PATTERN_IS_UNDEFINEDLOG_PATTERN_IS_UNDEFINEDLOG_PATTERN_IS_UNDEFINEDLOG_PATTERN_IS_UNDEFINEDLOG_PATTERN_IS_UNDEFINEDLOG_PATTERN_IS_UNDEFINEDLOG_PATTERN_IS_UNDEFINEDLOG_PATTERN_IS_UNDEFINEDLOG_PATTERN_IS_UNDEFINEDLOG_PATTERN_IS_UNDEFINEDLOG_PATTERN_IS_UNDEFINEDLOG_PATTERN_IS_UNDEFINEDLOG_PATTERN_IS_UNDEFINEDLOG_PATTERN_IS_UNDEFINEDjava.lang.IllegalStateException: java.lang.IllegalStateException: Logback configuration error detected: 
ERROR in ch.qos.logback.core.pattern.parser.Compiler@52500920 - There is no conversion class registered for composite conversion word [clr]
ERROR in ch.qos.logback.core.pattern.parser.Compiler@52500920 - Failed to create converter for [%clr] keyword
ERROR in ch.qos.logback.core.pattern.parser.Compiler@52500920 - There is no conversion class registered for composite conversion word [clr]
ERROR in ch.qos.logback.core.pattern.parser.Compiler@52500920 - Failed to create converter for [%clr] keyword
ERROR in ch.qos.logback.core.pattern.parser.Compiler@52500920 - There is no conversion class registered for composite conversion word [clr]
ERROR in ch.qos.logback.core.pattern.parser.Compiler@52500920 - Failed to create converter for [%clr] keyword
ERROR in ch.qos.logback.core.pattern.parser.Compiler@52500920 - There is no conversion class registered for composite conversion word [clr]
ERROR in ch.qos.logback.core.pattern.parser.Compiler@52500920 - Failed to create converter for [%clr] keyword
ERROR in ch.qos.logback.core.pattern.parser.Compiler@52500920 - There is no conversion class registered for composite conversion word [clr]
ERROR in ch.qos.logback.core.pattern.parser.Compiler@52500920 - Failed to create converter for [%clr] keyword
ERROR in ch.qos.logback.core.pattern.parser.Compiler@52500920 - There is no conversion class registered for composite conversion word [clr]
ERROR in ch.qos.logback.core.pattern.parser.Compiler@52500920 - Failed to create converter for [%clr] keyword
ERROR in ch.qos.logback.core.pattern.parser.Compiler@52500920 - There is no conversion supplier registered for conversion word [wEx]
ERROR in ch.qos.logback.core.pattern.parser.Compiler@52500920 - [wEx] is not a valid conversion word
	at org.springframework.boot.context.logging.LoggingApplicationListener.initializeSystem(LoggingApplicationListener.java:347)
	at org.springframework.boot.context.logging.LoggingApplicationListener.initialize(LoggingApplicationListener.java:298)
	at org.springframework.boot.context.logging.LoggingApplicationListener.onApplicationEnvironmentPreparedEvent(LoggingApplicationListener.java:246)
	at org.springframework.boot.context.logging.LoggingApplicationListener.onApplicationEvent(LoggingApplicationListener.java:223)
	at org.springframework.context.event.SimpleApplicationEventMulticaster.doInvokeListener(SimpleApplicationEventMulticaster.java:185)
	at org.springframework.context.event.SimpleApplicationEventMulticaster.invokeListener(SimpleApplicationEventMulticaster.java:178)
	at org.springframework.context.event.SimpleApplicationEventMulticaster.multicastEvent(SimpleApplicationEventMulticaster.java:156)
	at org.springframework.context.event.SimpleApplicationEventMulticaster.multicastEvent(SimpleApplicationEventMulticaster.java:138)
	at org.springframework.boot.context.event.EventPublishingRunListener.multicastInitialEvent(EventPublishingRunListener.java:136)
	at org.springframework.boot.context.event.EventPublishingRunListener.environmentPrepared(EventPublishingRunListener.java:81)
	at org.springframework.boot.SpringApplicationRunListeners.lambda$environmentPrepared$2(SpringApplicationRunListeners.java:64)
	at java.base/java.lang.Iterable.forEach(Iterable.java:75)
	at org.springframework.boot.SpringApplicationRunListeners.doWithListeners(SpringApplicationRunListeners.java:118)
	at org.springframework.boot.SpringApplicationRunListeners.doWithListeners(SpringApplicationRunListeners.java:112)
	at org.springframework.boot.SpringApplicationRunListeners.environmentPrepared(SpringApplicationRunListeners.java:63)
	at org.springframework.boot.SpringApplication.prepareEnvironment(SpringApplication.java:353)
	at org.springframework.boot.SpringApplication.run(SpringApplication.java:313)
	at org.springframework.boot.SpringApplication.run(SpringApplication.java:1362)
	at org.springframework.boot.SpringApplication.run(SpringApplication.java:1351)
	at com.cpf.logging.LoggingApplication.main(LoggingApplication.java:15)
Caused by: java.lang.IllegalStateException: Logback configuration error detected: 
ERROR in ch.qos.logback.core.pattern.parser.Compiler@52500920 - There is no conversion class registered for composite conversion word [clr]
ERROR in ch.qos.logback.core.pattern.parser.Compiler@52500920 - Failed to create converter for [%clr] keyword
ERROR in ch.qos.logback.core.pattern.parser.Compiler@52500920 - There is no conversion class registered for composite conversion word [clr]
ERROR in ch.qos.logback.core.pattern.parser.Compiler@52500920 - Failed to create converter for [%clr] keyword
ERROR in ch.qos.logback.core.pattern.parser.Compiler@52500920 - There is no conversion class registered for composite conversion word [clr]
ERROR in ch.qos.logback.core.pattern.parser.Compiler@52500920 - Failed to create converter for [%clr] keyword
ERROR in ch.qos.logback.core.pattern.parser.Compiler@52500920 - There is no conversion class registered for composite conversion word [clr]
ERROR in ch.qos.logback.core.pattern.parser.Compiler@52500920 - Failed to create converter for [%clr] keyword
ERROR in ch.qos.logback.core.pattern.parser.Compiler@52500920 - There is no conversion class registered for composite conversion word [clr]
ERROR in ch.qos.logback.core.pattern.parser.Compiler@52500920 - Failed to create converter for [%clr] keyword
ERROR in ch.qos.logback.core.pattern.parser.Compiler@52500920 - There is no conversion class registered for composite conversion word [clr]
ERROR in ch.qos.logback.core.pattern.parser.Compiler@52500920 - Failed to create converter for [%clr] keyword
ERROR in ch.qos.logback.core.pattern.parser.Compiler@52500920 - There is no conversion supplier registered for conversion word [wEx]
ERROR in ch.qos.logback.core.pattern.parser.Compiler@52500920 - [wEx] is not a valid conversion word
	at org.springframework.boot.logging.logback.LogbackLoggingSystem.reportConfigurationErrorsIfNecessary(LogbackLoggingSystem.java:291)
	at org.springframework.boot.logging.logback.LogbackLoggingSystem.loadConfiguration(LogbackLoggingSystem.java:269)
	at org.springframework.boot.logging.AbstractLoggingSystem.initializeWithConventions(AbstractLoggingSystem.java:81)
	at org.springframework.boot.logging.AbstractLoggingSystem.initialize(AbstractLoggingSystem.java:61)
	at org.springframework.boot.logging.logback.LogbackLoggingSystem.initialize(LogbackLoggingSystem.java:197)
	at org.springframework.boot.context.logging.LoggingApplicationListener.initializeSystem(LoggingApplicationListener.java:332)
	... 19 common frames omitted
2025-05-14 00:32:17.833 [main] ERROR o.s.boot.SpringApplication - Application run failed
java.lang.IllegalStateException: java.lang.IllegalStateException: Logback configuration error detected: 
ERROR in ch.qos.logback.core.pattern.parser.Compiler@26fb628 - There is no conversion class registered for composite conversion word [clr]
ERROR in ch.qos.logback.core.pattern.parser.Compiler@26fb628 - Failed to create converter for [%clr] keyword
ERROR in ch.qos.logback.core.pattern.parser.Compiler@26fb628 - There is no conversion class registered for composite conversion word [clr]
ERROR in ch.qos.logback.core.pattern.parser.Compiler@26fb628 - Failed to create converter for [%clr] keyword
ERROR in ch.qos.logback.core.pattern.parser.Compiler@26fb628 - There is no conversion class registered for composite conversion word [clr]
ERROR in ch.qos.logback.core.pattern.parser.Compiler@26fb628 - Failed to create converter for [%clr] keyword
ERROR in ch.qos.logback.core.pattern.parser.Compiler@26fb628 - There is no conversion class registered for composite conversion word [clr]
ERROR in ch.qos.logback.core.pattern.parser.Compiler@26fb628 - Failed to create converter for [%clr] keyword
ERROR in ch.qos.logback.core.pattern.parser.Compiler@26fb628 - There is no conversion class registered for composite conversion word [clr]
ERROR in ch.qos.logback.core.pattern.parser.Compiler@26fb628 - Failed to create converter for [%clr] keyword
ERROR in ch.qos.logback.core.pattern.parser.Compiler@26fb628 - There is no conversion class registered for composite conversion word [clr]
ERROR in ch.qos.logback.core.pattern.parser.Compiler@26fb628 - Failed to create converter for [%clr] keyword
ERROR in ch.qos.logback.core.pattern.parser.Compiler@26fb628 - There is no conversion supplier registered for conversion word [wEx]
ERROR in ch.qos.logback.core.pattern.parser.Compiler@26fb628 - [wEx] is not a valid conversion word
	at org.springframework.boot.context.logging.LoggingApplicationListener.initializeSystem(LoggingApplicationListener.java:347)
	at org.springframework.boot.context.logging.LoggingApplicationListener.initialize(LoggingApplicationListener.java:298)
	at org.springframework.boot.context.logging.LoggingApplicationListener.onApplicationEnvironmentPreparedEvent(LoggingApplicationListener.java:246)
	at org.springframework.boot.context.logging.LoggingApplicationListener.onApplicationEvent(LoggingApplicationListener.java:223)
	at org.springframework.context.event.SimpleApplicationEventMulticaster.doInvokeListener(SimpleApplicationEventMulticaster.java:185)
	at org.springframework.context.event.SimpleApplicationEventMulticaster.invokeListener(SimpleApplicationEventMulticaster.java:178)
	at org.springframework.context.event.SimpleApplicationEventMulticaster.multicastEvent(SimpleApplicationEventMulticaster.java:156)
	at org.springframework.context.event.SimpleApplicationEventMulticaster.multicastEvent(SimpleApplicationEventMulticaster.java:138)
	at org.springframework.boot.context.event.EventPublishingRunListener.multicastInitialEvent(EventPublishingRunListener.java:136)
	at org.springframework.boot.context.event.EventPublishingRunListener.environmentPrepared(EventPublishingRunListener.java:81)
	at org.springframework.boot.SpringApplicationRunListeners.lambda$environmentPrepared$2(SpringApplicationRunListeners.java:64)
	at java.base/java.lang.Iterable.forEach(Iterable.java:75)
	at org.springframework.boot.SpringApplicationRunListeners.doWithListeners(SpringApplicationRunListeners.java:118)
	at org.springframework.boot.SpringApplicationRunListeners.doWithListeners(SpringApplicationRunListeners.java:112)
	at org.springframework.boot.SpringApplicationRunListeners.environmentPrepared(SpringApplicationRunListeners.java:63)
	at org.springframework.boot.SpringApplication.prepareEnvironment(SpringApplication.java:353)
	at org.springframework.boot.SpringApplication.run(SpringApplication.java:313)
	at org.springframework.boot.SpringApplication.run(SpringApplication.java:1362)
	at org.springframework.boot.SpringApplication.run(SpringApplication.java:1351)
	at com.cpf.logging.LoggingApplication.main(LoggingApplication.java:15)
Caused by: java.lang.IllegalStateException: Logback configuration error detected: 
ERROR in ch.qos.logback.core.pattern.parser.Compiler@26fb628 - There is no conversion class registered for composite conversion word [clr]
ERROR in ch.qos.logback.core.pattern.parser.Compiler@26fb628 - Failed to create converter for [%clr] keyword
ERROR in ch.qos.logback.core.pattern.parser.Compiler@26fb628 - There is no conversion class registered for composite conversion word [clr]
ERROR in ch.qos.logback.core.pattern.parser.Compiler@26fb628 - Failed to create converter for [%clr] keyword
ERROR in ch.qos.logback.core.pattern.parser.Compiler@26fb628 - There is no conversion class registered for composite conversion word [clr]
ERROR in ch.qos.logback.core.pattern.parser.Compiler@26fb628 - Failed to create converter for [%clr] keyword
ERROR in ch.qos.logback.core.pattern.parser.Compiler@26fb628 - There is no conversion class registered for composite conversion word [clr]
ERROR in ch.qos.logback.core.pattern.parser.Compiler@26fb628 - Failed to create converter for [%clr] keyword
ERROR in ch.qos.logback.core.pattern.parser.Compiler@26fb628 - There is no conversion class registered for composite conversion word [clr]
ERROR in ch.qos.logback.core.pattern.parser.Compiler@26fb628 - Failed to create converter for [%clr] keyword
ERROR in ch.qos.logback.core.pattern.parser.Compiler@26fb628 - There is no conversion class registered for composite conversion word [clr]
ERROR in ch.qos.logback.core.pattern.parser.Compiler@26fb628 - Failed to create converter for [%clr] keyword
ERROR in ch.qos.logback.core.pattern.parser.Compiler@26fb628 - There is no conversion supplier registered for conversion word [wEx]
ERROR in ch.qos.logback.core.pattern.parser.Compiler@26fb628 - [wEx] is not a valid conversion word
	at org.springframework.boot.logging.logback.LogbackLoggingSystem.reportConfigurationErrorsIfNecessary(LogbackLoggingSystem.java:291)
	at org.springframework.boot.logging.logback.LogbackLoggingSystem.loadConfiguration(LogbackLoggingSystem.java:269)
	at org.springframework.boot.logging.AbstractLoggingSystem.initializeWithConventions(AbstractLoggingSystem.java:81)
	at org.springframework.boot.logging.AbstractLoggingSystem.initialize(AbstractLoggingSystem.java:61)
	at org.springframework.boot.logging.logback.LogbackLoggingSystem.initialize(LogbackLoggingSystem.java:197)
	at org.springframework.boot.context.logging.LoggingApplicationListener.initializeSystem(LoggingApplicationListener.java:332)
	... 19 common frames omitted
2025-05-14 00:32:45.232 [main] INFO  com.cpf.logging.LoggingApplication - Starting LoggingApplication using Java 17.0.15 with PID 16224 (E:\IntelliJ IDEA 2024.2.3\IdeaProjects\spring-boot-3\boot3-03-logging\target\classes started by cui pengfei in E:\IntelliJ IDEA 2024.2.3\IdeaProjects\spring-boot-3)
2025-05-14 00:32:45.238 [main] INFO  com.cpf.logging.LoggingApplication - No active profile set, falling back to 1 default profile: "default"
2025-05-14 00:32:46.966 [main] INFO  o.a.coyote.http11.Http11NioProtocol - Initializing ProtocolHandler ["http-nio-8080"]
2025-05-14 00:32:46.970 [main] INFO  o.a.catalina.core.StandardService - Starting service [Tomcat]
2025-05-14 00:32:46.970 [main] INFO  o.a.catalina.core.StandardEngine - Starting Servlet engine: [Apache Tomcat/10.1.40]
2025-05-14 00:32:47.100 [main] INFO  o.a.c.c.C.[Tomcat].[localhost].[/] - Initializing Spring embedded WebApplicationContext
2025-05-14 00:32:47.659 [main] INFO  o.a.coyote.http11.Http11NioProtocol - Starting ProtocolHandler ["http-nio-8080"]
2025-05-14 00:32:47.695 [main] INFO  com.cpf.logging.LoggingApplication - Started LoggingApplication in 3.756 seconds (process running for 4.743)
2025-05-14 17:14:17.164 [main] INFO  com.cpf.logging.LoggingApplication - Starting LoggingApplication using Java 17.0.15 with PID 12072 (E:\IntelliJ IDEA 2024.2.3\IdeaProjects\spring-boot-3\boot3-03-logging\target\classes started by cui pengfei in E:\IntelliJ IDEA 2024.2.3\IdeaProjects\spring-boot-3)
2025-05-14 17:14:17.168 [main] INFO  com.cpf.logging.LoggingApplication - No active profile set, falling back to 1 default profile: "default"
2025-05-14 17:14:19.685 [main] INFO  o.a.coyote.http11.Http11NioProtocol - Initializing ProtocolHandler ["http-nio-8080"]
2025-05-14 17:14:19.687 [main] INFO  o.a.catalina.core.StandardService - Starting service [Tomcat]
2025-05-14 17:14:19.688 [main] INFO  o.a.catalina.core.StandardEngine - Starting Servlet engine: [Apache Tomcat/10.1.40]
2025-05-14 17:14:19.802 [main] INFO  o.a.c.c.C.[Tomcat].[localhost].[/] - Initializing Spring embedded WebApplicationContext
2025-05-14 17:14:20.590 [main] INFO  o.a.coyote.http11.Http11NioProtocol - Starting ProtocolHandler ["http-nio-8080"]
2025-05-14 17:14:20.669 [main] INFO  com.cpf.logging.LoggingApplication - Started LoggingApplication in 6.159 seconds (process running for 11.599)
